# JRE version: OpenJDK Runtime Environment (21.0.3) (build 21.0.3+-79915917-b509.11)
# Java VM: OpenJDK 64-Bit Server VM (21.0.3+-79915917-b509.11, mixed mode, tiered, compressed oops, compressed class ptrs, g1 gc, bsd-aarch64)
Heap:
 garbage-first heap   total 157696K, used 122143K [0x0000000700000000, 0x0000000800000000)
  region size 2048K, 30 young (61440K), 4 survivors (8192K)
 Metaspace       used 72200K, committed 72768K, reserved 1114112K
  class space    used 8326K, committed 8576K, reserved 1048576K
GC Heap History (20 events):
Event: 6.029 GC heap before
{Heap before GC invocations=4 (full 0):
 garbage-first heap   total 38912K, used 20265K [0x0000000700000000, 0x0000000800000000)
  region size 2048K, 10 young (20480K), 2 survivors (4096K)
 Metaspace       used 35783K, committed 35968K, reserved 1114112K
  class space    used 3738K, committed 3840K, reserved 1048576K
}
Event: 6.031 GC heap after
{Heap after GC invocations=5 (full 0):
 garbage-first heap   total 38912K, used 8628K [0x0000000700000000, 0x0000000800000000)
  region size 2048K, 2 young (4096K), 2 survivors (4096K)
 Metaspace       used 35783K, committed 35968K, reserved 1114112K
  class space    used 3738K, committed 3840K, reserved 1048576K
}
Event: 6.133 GC heap before
{Heap before GC invocations=6 (full 0):
 garbage-first heap   total 38912K, used 25012K [0x0000000700000000, 0x0000000800000000)
  region size 2048K, 11 young (22528K), 2 survivors (4096K)
 Metaspace       used 41080K, committed 41344K, reserved 1114112K
  class space    used 4369K, committed 4480K, reserved 1048576K
}
Event: 6.135 GC heap after
{Heap after GC invocations=7 (full 0):
 garbage-first heap   total 38912K, used 11101K [0x0000000700000000, 0x0000000800000000)
  region size 2048K, 2 young (4096K), 2 survivors (4096K)
 Metaspace       used 41080K, committed 41344K, reserved 1114112K
  class space    used 4369K, committed 4480K, reserved 1048576K
}
Event: 6.403 GC heap before
{Heap before GC invocations=7 (full 0):
 garbage-first heap   total 38912K, used 25437K [0x0000000700000000, 0x0000000800000000)
  region size 2048K, 10 young (20480K), 2 survivors (4096K)
 Metaspace       used 49005K, committed 49344K, reserved 1114112K
  class space    used 5279K, committed 5440K, reserved 1048576K
}
Event: 6.405 GC heap after
{Heap after GC invocations=8 (full 0):
 garbage-first heap   total 38912K, used 12350K [0x0000000700000000, 0x0000000800000000)
  region size 2048K, 2 young (4096K), 2 survivors (4096K)
 Metaspace       used 49005K, committed 49344K, reserved 1114112K
  class space    used 5279K, committed 5440K, reserved 1048576K
}
Event: 6.872 GC heap before
{Heap before GC invocations=8 (full 0):
 garbage-first heap   total 38912K, used 26686K [0x0000000700000000, 0x0000000800000000)
  region size 2048K, 10 young (20480K), 2 survivors (4096K)
 Metaspace       used 52830K, committed 53184K, reserved 1114112K
  class space    used 5680K, committed 5824K, reserved 1048576K
}
Event: 6.874 GC heap after
{Heap after GC invocations=9 (full 0):
 garbage-first heap   total 38912K, used 14157K [0x0000000700000000, 0x0000000800000000)
  region size 2048K, 1 young (2048K), 1 survivors (2048K)
 Metaspace       used 52830K, committed 53184K, reserved 1114112K
  class space    used 5680K, committed 5824K, reserved 1048576K
}
Event: 133.429 GC heap before
{Heap before GC invocations=9 (full 0):
 garbage-first heap   total 38912K, used 28493K [0x0000000700000000, 0x0000000800000000)
  region size 2048K, 8 young (16384K), 1 survivors (2048K)
 Metaspace       used 58949K, committed 59392K, reserved 1114112K
  class space    used 6443K, committed 6656K, reserved 1048576K
}
Event: 133.432 GC heap after
{Heap after GC invocations=10 (full 0):
 garbage-first heap   total 38912K, used 15315K [0x0000000700000000, 0x0000000800000000)
  region size 2048K, 1 young (2048K), 1 survivors (2048K)
 Metaspace       used 58949K, committed 59392K, reserved 1114112K
  class space    used 6443K, committed 6656K, reserved 1048576K
}
Event: 133.477 GC heap before
{Heap before GC invocations=10 (full 0):
 garbage-first heap   total 38912K, used 17363K [0x0000000700000000, 0x0000000800000000)
  region size 2048K, 3 young (6144K), 1 survivors (2048K)
 Metaspace       used 59757K, committed 60160K, reserved 1114112K
  class space    used 6548K, committed 6720K, reserved 1048576K
}
Event: 133.479 GC heap after
{Heap after GC invocations=11 (full 0):
 garbage-first heap   total 38912K, used 15469K [0x0000000700000000, 0x0000000800000000)
  region size 2048K, 1 young (2048K), 1 survivors (2048K)
 Metaspace       used 59757K, committed 60160K, reserved 1114112K
  class space    used 6548K, committed 6720K, reserved 1048576K
}
Event: 134.384 GC heap before
{Heap before GC invocations=12 (full 0):
 garbage-first heap   total 38912K, used 31853K [0x0000000700000000, 0x0000000800000000)
  region size 2048K, 9 young (18432K), 1 survivors (2048K)
 Metaspace       used 63973K, committed 64512K, reserved 1114112K
  class space    used 7217K, committed 7488K, reserved 1048576K
}
Event: 134.386 GC heap after
{Heap after GC invocations=13 (full 0):
 garbage-first heap   total 38912K, used 18276K [0x0000000700000000, 0x0000000800000000)
  region size 2048K, 2 young (4096K), 2 survivors (4096K)
 Metaspace       used 63973K, committed 64512K, reserved 1114112K
  class space    used 7217K, committed 7488K, reserved 1048576K
}
Event: 134.437 GC heap before
{Heap before GC invocations=13 (full 0):
 garbage-first heap   total 38912K, used 22372K [0x0000000700000000, 0x0000000800000000)
  region size 2048K, 5 young (10240K), 2 survivors (4096K)
 Metaspace       used 65756K, committed 66176K, reserved 1114112K
  class space    used 7556K, committed 7744K, reserved 1048576K
}
Event: 134.440 GC heap after
{Heap after GC invocations=14 (full 0):
 garbage-first heap   total 38912K, used 18976K [0x0000000700000000, 0x0000000800000000)
  region size 2048K, 1 young (2048K), 1 survivors (2048K)
 Metaspace       used 65756K, committed 66176K, reserved 1114112K
  class space    used 7556K, committed 7744K, reserved 1048576K
}
Event: 134.612 GC heap before
{Heap before GC invocations=15 (full 0):
 garbage-first heap   total 51200K, used 37408K [0x0000000700000000, 0x0000000800000000)
  region size 2048K, 7 young (14336K), 1 survivors (2048K)
 Metaspace       used 68090K, committed 68608K, reserved 1114112K
  class space    used 7892K, committed 8128K, reserved 1048576K
}
Event: 134.613 GC heap after
{Heap after GC invocations=16 (full 0):
 garbage-first heap   total 157696K, used 27963K [0x0000000700000000, 0x0000000800000000)
  region size 2048K, 1 young (2048K), 1 survivors (2048K)
 Metaspace       used 68090K, committed 68608K, reserved 1114112K
  class space    used 7892K, committed 8128K, reserved 1048576K
}
Event: 135.445 GC heap before
{Heap before GC invocations=16 (full 0):
 garbage-first heap   total 157696K, used 140603K [0x0000000700000000, 0x0000000800000000)
  region size 2048K, 46 young (94208K), 1 survivors (2048K)
 Metaspace       used 71266K, committed 71808K, reserved 1114112K
  class space    used 8277K, committed 8512K, reserved 1048576K
}
Event: 135.450 GC heap after
{Heap after GC invocations=17 (full 0):
 garbage-first heap   total 157696K, used 45350K [0x0000000700000000, 0x0000000800000000)
  region size 2048K, 4 young (8192K), 4 survivors (8192K)
 Metaspace       used 71266K, committed 71808K, reserved 1114112K
  class space    used 8277K, committed 8512K, reserved 1048576K
}

